filebenchExp
filebenchExp
a27f69d4370ddbcfcc2a1dd0988c0b663046f092a2f8fd72320646af431d2100
Filebench Version 1.5-alpha3
0.000: Allocated 177MB of shared memory
0.001: Populating and pre-allocating filesets
0.002: logfile populated: 10 files, avg. dir. width = 1024, avg. dir. depth = 0.3, 0 leafdirs, 100.000MB total size
0.002: Removing logfile tree (if exists)
0.002: Pre-allocating directories in logfile tree
0.002: Pre-allocating files in logfile tree
0.042: datafiles populated: 10 files, avg. dir. width = 1024, avg. dir. depth = 0.3, 0 leafdirs, 100.000MB total size
0.042: Removing datafiles tree (if exists)
0.043: Pre-allocating directories in datafiles tree
0.043: Pre-allocating files in datafiles tree
0.083: Waiting for pre-allocation to finish (in case of a parallel pre-allocation)
0.083: Population and pre-allocation of filesets completed
0.083: Starting 10 shadow instances
0.085: Starting 5 dbwr instances
0.086: Starting 1 lgwr instances
1.095: Running...
